=== IPFS网关测试汇总报告 ===

测试时间: 2025-04-02 22:46:05
测试的CID数量: 3


=== 性能最佳的网关 (Top 20) ===
------------------------------------------------------------------------------------------------------------------------
网关URL                                             权重     成功率   响应时间    平均速度     最大速度      不稳定性    
------------------------------------------------------------------------------------------------------------------------
https://ipfs.develop.ultimate-champions.com        0.905    100.00%  415.5      888.9        2464.7       533.49  
https://gw.w3ipfs.com:7443                         0.861    100.00%  550.8      1513.3       3277.5       1083.56 
https://ipfs.wenft.space                           0.704    80.00%   530.8      765.2        1929.2       792.23  
https://snapshot.4everland.link                    0.700    90.00%   653.9      601.2        1681.9       592.99  
https://ipfs.ketl.xyz                              0.654    90.00%   1064.3     402.9        962.1        357.36  
https://ipfs.axiom.trading                         0.639    100.00%  1500.0     398.6        864.9        273.72  
https://ipfs.farcana.com                           0.620    100.00%  1500.0     310.2        609.2        209.57  
https://d39z2iu8gx3qxr.cloudfront.net              0.619    100.00%  1500.0     288.0        439.6        83.17   
https://node0.dreamlink.cloud                      0.614    90.00%   1500.0     323.5        683.6        190.77  
https://ipfs.crewshop.world                        0.592    90.00%   1500.0     276.6        536.0        175.45  
https://cf-ipfs-gateway.infra.goldsky.com          0.592    90.00%   1500.0     300.9        536.6        173.15  
https://gw.w3ipfs.net:7443                         0.589    80.00%   1211.6     1521.9       2517.0       549.79  
https://ipfs-meta.blotocol.net                     0.588    100.00%  1500.0     442.2        1413.2       493.97  
https://gateway.ipfs.io                            0.587    100.00%  1500.0     381.5        1143.0       409.28  
https://storage.mojitonft.market                   0.579    100.00%  1500.0     239.2        511.4        133.72  
https://anotheranotheranother.ctm-demo.com         0.569    90.00%   1500.0     283.3        538.7        189.46  
https://www.ipfs.swrs.net                          0.564    100.00%  1500.0     14.3         30.7         8.88    
https://ipfs.decentralized-content.com             0.556    90.00%   1500.0     275.4        788.6        235.17  
https://ogpotheads.4everland.link                  0.550    90.00%   1500.0     301.5        653.7        210.13  
https://ipfs.trivium.network                       0.544    90.00%   1500.0     227.5        502.0        144.33  

=== 各CID详细测试结果 ===

CID: bafybeic7s5lhpwl5vonetrhv5qjn5h7wplkjwupvou25yqm4peg6zvn3im
--------------------------------------------------
总网关数: 743
成功访问的网关数: 440
平均响应时间: 1485.51ms
平均下载速度: 266.54KB/s

CID: bafybeidngm4u6rqg5stfbqp4d2v4zyakytp4elgya2kouufhhtrkwdrble
--------------------------------------------------
总网关数: 743
成功访问的网关数: 447
平均响应时间: 1481.36ms
平均下载速度: 286.39KB/s

CID: bafybeidzmwwjp6jj5mrlubsgcglg3se7csved3j6rwezhfamplms6iwbvq
--------------------------------------------------
总网关数: 743
成功访问的网关数: 448
平均响应时间: 1482.87ms
平均下载速度: 278.91KB/s


=== 网关性能分析 ===

总网关数量: 743
活跃网关数量: 743
平均下载速度: 271.37 KB/s
最高下载速度: 5869.72 KB/s
平均响应时间: 1482.87 ms
最快响应时间: 278.12 ms
平均成功率: 27.28%

=== 速度分布统计 ===

极快 (>1000KB/s): 3 个网关 (0.4%)
快速 (500-1000KB/s): 39 个网关 (5.2%)
中等 (200-500KB/s): 295 个网关 (39.7%)
慢速 (50-200KB/s): 106 个网关 (14.3%)
极慢 (<50KB/s): 300 个网关 (40.4%)